['./DP/buildInstFeature', '../gem5/trace.txt']
Write to ../gem5/trace.in.

Finish with 10442 instructions.
Min complete and store latency is 40 70.
Min and max output value is 0 1e+08.
Make memmap dataset ../gem5/trace.in.nmmap start from 0  end with 0  shape is  (10442, 51)
read ../gem5/trace.in
First sample: (51,) 51
[0.e+00 2.e+00 0.e+00 0.e+00 0.e+00 0.e+00 0.e+00 0.e+00 0.e+00 0.e+00
 0.e+00 0.e+00 0.e+00 0.e+00 0.e+00 0.e+00 0.e+00 0.e+00 1.e+08 0.e+00
 0.e+00 0.e+00 0.e+00 0.e+00 0.e+00 0.e+00 0.e+00 0.e+00 0.e+00 0.e+00
 0.e+00 0.e+00 0.e+00 0.e+00 0.e+00 0.e+00 0.e+00 0.e+00 0.e+00 1.e+00
 3.e+01 0.e+00 0.e+00 0.e+00 0.e+00 0.e+00 0.e+00 0.e+00 0.e+00 0.e+00
 0.e+00]

Finished with 10442 instructions, 0 bad lines.
[-1.8088578e-03 -7.5562751e-01 -4.0144911e-01 -5.0867963e-01
 -4.3572447e-01 -3.8140213e-01 -1.9539417e-01 -4.1270235e-01
 -1.9142861e-02 -2.4722496e-02 -4.1503910e-02 -2.6958285e-02
 -2.6958462e-02 -2.6958462e-02 -2.4722496e-02 -3.2349050e-01
 -1.3842766e-01 -1.3841835e-01  3.3529181e+02 -7.2588277e-01
 -4.6471711e-02 -1.4140670e-01 -4.3346426e-01 -8.7014902e-01
 -9.0076113e-01 -6.8065077e-01 -3.0955666e-01 -5.5663764e-01
 -3.1741655e-01 -3.2835975e-01 -7.9588056e-02 -2.6087728e-01
 -1.8802059e-01 -1.8538336e-01 -1.2414104e-01 -5.1896190e-05
 -5.1896186e-05 -5.1896190e-05 -5.1896186e-05 -1.1989387e-01
  1.0049851e+00 -3.9980298e-01 -2.4822064e-01 -3.0164000e-01
 -2.6222265e-01 -3.0008310e-01 -2.9820031e-01 -6.5411389e-02
 -6.5411389e-02  0.0000000e+00  0.0000000e+00]
Normalization done.
